<?xml version="1.0" encoding="UTF-8" standalone="no"?>
<!DOCTYPE log SYSTEM "logger.dtd">
<log>
<record>
  <date>2018-01-26T10:00:11</date>
  <millis>1516971611296</millis>
  <sequence>0</sequence>
  <level>START</level>
  <class>com.kms.katalon.core.logging.KeywordLogger</class>
  <method>startSuite</method>
  <thread>1</thread>
  <message>Start Test Suite : Pagamentos</message>
  <nestedLevel>0</nestedLevel>
  <property name="name">Pagamentos</property>
  <property name="description"></property>
  <property name="id">Test Suites/Pagamentos</property>
</record>
<record>
  <date>2018-01-26T10:00:11</date>
  <millis>1516971611321</millis>
  <sequence>1</sequence>
  <level>RUN_DATA</level>
  <class>com.kms.katalon.core.logging.KeywordLogger</class>
  <method>logMessage</method>
  <thread>1</thread>
  <message>Logging run data &amp;apos;hostName&amp;apos; with value &amp;apos;behoh-tester - DESKTOP-9LJP0A4&amp;apos;</message>
  <nestedLevel>0</nestedLevel>
  <property name="hostName">behoh-tester - DESKTOP-9LJP0A4</property>
</record>
<record>
  <date>2018-01-26T10:00:11</date>
  <millis>1516971611321</millis>
  <sequence>2</sequence>
  <level>RUN_DATA</level>
  <class>com.kms.katalon.core.logging.KeywordLogger</class>
  <method>logMessage</method>
  <thread>1</thread>
  <message>Logging run data &amp;apos;os&amp;apos; with value &amp;apos;Windows 10 64bit&amp;apos;</message>
  <nestedLevel>0</nestedLevel>
  <property name="os">Windows 10 64bit</property>
</record>
<record>
  <date>2018-01-26T10:00:11</date>
  <millis>1516971611322</millis>
  <sequence>3</sequence>
  <level>RUN_DATA</level>
  <class>com.kms.katalon.core.logging.KeywordLogger</class>
  <method>logMessage</method>
  <thread>1</thread>
  <message>Logging run data &amp;apos;hostAddress&amp;apos; with value &amp;apos;10.155.1.118&amp;apos;</message>
  <nestedLevel>0</nestedLevel>
  <property name="hostAddress">10.155.1.118</property>
</record>
<record>
  <date>2018-01-26T10:00:11</date>
  <millis>1516971611324</millis>
  <sequence>4</sequence>
  <level>RUN_DATA</level>
  <class>com.kms.katalon.core.logging.KeywordLogger</class>
  <method>logMessage</method>
  <thread>1</thread>
  <message>Logging run data &amp;apos;katalonVersion&amp;apos; with value &amp;apos;5.2.0.1&amp;apos;</message>
  <nestedLevel>0</nestedLevel>
  <property name="katalonVersion">5.2.0.1</property>
</record>
<record>
  <date>2018-01-26T10:00:11</date>
  <millis>1516971611558</millis>
  <sequence>5</sequence>
  <level>START</level>
  <class>com.kms.katalon.core.logging.KeywordLogger</class>
  <method>startTest</method>
  <thread>1</thread>
  <message>Start Test Case : Test Cases/HOMEPAGE/Adicionar Carrinho</message>
  <nestedLevel>1</nestedLevel>
  <property name="name">Test Cases/HOMEPAGE/Adicionar Carrinho</property>
  <property name="description"></property>
  <property name="id">Test Cases/HOMEPAGE/Adicionar Carrinho</property>
  <property name="source">C:\\Users\\behoh-tester\\Katalon Studio\\Testes automatizados Producao Sebrae GOTest Cases\\HOMEPAGE\\Adicionar Carrinho.tc</property>
  <property name="isOptional">false</property>
</record>
<record>
  <date>2018-01-26T10:00:11</date>
  <millis>1516971611715</millis>
  <sequence>6</sequence>
  <level>INFO</level>
  <class>com.kms.katalon.core.logging.KeywordLogger</class>
  <method>logMessage</method>
  <thread>1</thread>
  <message>Evaluating variables for test case</message>
  <nestedLevel>1</nestedLevel>
</record>
<record>
  <date>2018-01-26T10:00:11</date>
  <millis>1516971611996</millis>
  <sequence>7</sequence>
  <level>START</level>
  <class>com.kms.katalon.core.logging.KeywordLogger</class>
  <method>startKeyword</method>
  <thread>1</thread>
  <message>Start action : openBrowser</message>
  <nestedLevel>1</nestedLevel>
  <property name="startLine">23</property>
  <property name="stepIndex">1</property>
</record>
<record>
  <date>2018-01-26T10:00:12</date>
  <millis>1516971612320</millis>
  <sequence>8</sequence>
  <level>INFO</level>
  <class>com.kms.katalon.core.logging.KeywordLogger</class>
  <method>logMessage</method>
  <thread>1</thread>
  <message>Opening browser</message>
  <nestedLevel>1</nestedLevel>
</record>
<record>
  <date>2018-01-26T10:00:12</date>
  <millis>1516971612327</millis>
  <sequence>9</sequence>
  <level>INFO</level>
  <class>com.kms.katalon.core.logging.KeywordLogger</class>
  <method>logMessage</method>
  <thread>1</thread>
  <message>Starting &amp;apos;Chrome&amp;apos; driver</message>
  <nestedLevel>1</nestedLevel>
</record>
<record>
  <date>2018-01-26T10:00:12</date>
  <millis>1516971612352</millis>
  <sequence>10</sequence>
  <level>INFO</level>
  <class>com.kms.katalon.core.logging.KeywordLogger</class>
  <method>logMessage</method>
  <thread>1</thread>
  <message>Action delay is set to 0 seconds</message>
  <nestedLevel>1</nestedLevel>
</record>
<record>
  <date>2018-01-26T10:00:14</date>
  <millis>1516971614783</millis>
  <sequence>12</sequence>
  <level>RUN_DATA</level>
  <class>com.kms.katalon.core.logging.KeywordLogger</class>
  <method>logMessage</method>
  <thread>1</thread>
  <message>Logging run data &amp;apos;sessionId&amp;apos; with value &amp;apos;2f4d9264b0eaf6d36c16ac163c61a248&amp;apos;</message>
  <nestedLevel>1</nestedLevel>
  <property name="sessionId">2f4d9264b0eaf6d36c16ac163c61a248</property>
</record>
<record>
  <date>2018-01-26T10:00:14</date>
  <millis>1516971614815</millis>
  <sequence>13</sequence>
  <level>RUN_DATA</level>
  <class>com.kms.katalon.core.logging.KeywordLogger</class>
  <method>logMessage</method>
  <thread>1</thread>
  <message>Logging run data &amp;apos;browser&amp;apos; with value &amp;apos;Chrome 63.0.3239.132&amp;apos;</message>
  <nestedLevel>1</nestedLevel>
  <property name="browser">Chrome 63.0.3239.132</property>
</record>
<record>
  <date>2018-01-26T10:00:14</date>
  <millis>1516971614816</millis>
  <sequence>14</sequence>
  <level>RUN_DATA</level>
  <class>com.kms.katalon.core.logging.KeywordLogger</class>
  <method>logMessage</method>
  <thread>1</thread>
  <message>Logging run data &amp;apos;platform&amp;apos; with value &amp;apos;Windows 10&amp;apos;</message>
  <nestedLevel>1</nestedLevel>
  <property name="platform">Windows 10</property>
</record>
<record>
  <date>2018-01-26T10:00:14</date>
  <millis>1516971614818</millis>
  <sequence>15</sequence>
  <level>RUN_DATA</level>
  <class>com.kms.katalon.core.logging.KeywordLogger</class>
  <method>logMessage</method>
  <thread>1</thread>
  <message>Logging run data &amp;apos;seleniumVersion&amp;apos; with value &amp;apos;3.7.1&amp;apos;</message>
  <nestedLevel>1</nestedLevel>
  <property name="seleniumVersion">3.7.1</property>
</record>
<record>
  <date>2018-01-26T10:00:14</date>
  <millis>1516971614819</millis>
  <sequence>16</sequence>
  <level>RUN_DATA</level>
  <class>com.kms.katalon.core.logging.KeywordLogger</class>
  <method>logMessage</method>
  <thread>1</thread>
  <message>Logging run data &amp;apos;proxyInformation&amp;apos; with value &amp;apos;ProxyInformation{proxyOption=NO_PROXY, proxyServerType=HTTP, password=, proxyServerAddress=, proxyServerPort=0}&amp;apos;</message>
  <nestedLevel>1</nestedLevel>
  <property name="proxyInformation">ProxyInformation{proxyOption=NO_PROXY, proxyServerType=HTTP, password=, proxyServerAddress=, proxyServerPort=0}</property>
</record>
<record>
  <date>2018-01-26T10:00:14</date>
  <millis>1516971614819</millis>
  <sequence>17</sequence>
  <level>PASSED</level>
  <class>com.kms.katalon.core.logging.KeywordLogger</class>
  <method>logMessage</method>
  <thread>1</thread>
  <message>Browser is opened with url: &amp;apos;&amp;apos;</message>
  <nestedLevel>1</nestedLevel>
</record>
<record>
  <date>2018-01-26T10:00:14</date>
  <millis>1516971614820</millis>
  <sequence>18</sequence>
  <level>END</level>
  <class>com.kms.katalon.core.logging.KeywordLogger</class>
  <method>endKeyword</method>
  <thread>1</thread>
  <message>End action : openBrowser</message>
  <nestedLevel>1</nestedLevel>
</record>
<record>
  <date>2018-01-26T10:00:14</date>
  <millis>1516971614820</millis>
  <sequence>19</sequence>
  <level>START</level>
  <class>com.kms.katalon.core.logging.KeywordLogger</class>
  <method>startKeyword</method>
  <thread>1</thread>
  <message>Start action : navigateToUrl</message>
  <nestedLevel>1</nestedLevel>
  <property name="startLine">25</property>
  <property name="stepIndex">2</property>
</record>
<record>
  <date>2018-01-26T10:00:14</date>
  <millis>1516971614834</millis>
  <sequence>20</sequence>
  <level>INFO</level>
  <class>com.kms.katalon.core.logging.KeywordLogger</class>
  <method>logMessage</method>
  <thread>1</thread>
  <message>Checking url</message>
  <nestedLevel>1</nestedLevel>
</record>
<record>
  <date>2018-01-26T10:00:14</date>
  <millis>1516971614836</millis>
  <sequence>21</sequence>
  <level>INFO</level>
  <class>com.kms.katalon.core.logging.KeywordLogger</class>
  <method>logMessage</method>
  <thread>1</thread>
  <message>Navigating to &amp;apos;https://lojavirtualhomolog.sebraego.com.br/loja/&amp;apos;</message>
  <nestedLevel>1</nestedLevel>
</record>
<record>
  <date>2018-01-26T10:00:20</date>
  <millis>1516971620920</millis>
  <sequence>22</sequence>
  <level>PASSED</level>
  <class>com.kms.katalon.core.logging.KeywordLogger</class>
  <method>logMessage</method>
  <thread>1</thread>
  <message>Navigate to &amp;apos;https://lojavirtualhomolog.sebraego.com.br/loja/&amp;apos; successfully</message>
  <nestedLevel>1</nestedLevel>
</record>
<record>
  <date>2018-01-26T10:00:20</date>
  <millis>1516971620921</millis>
  <sequence>23</sequence>
  <level>END</level>
  <class>com.kms.katalon.core.logging.KeywordLogger</class>
  <method>endKeyword</method>
  <thread>1</thread>
  <message>End action : navigateToUrl</message>
  <nestedLevel>1</nestedLevel>
</record>
<record>
  <date>2018-01-26T10:00:20</date>
  <millis>1516971620921</millis>
  <sequence>24</sequence>
  <level>START</level>
  <class>com.kms.katalon.core.logging.KeywordLogger</class>
  <method>startKeyword</method>
  <thread>1</thread>
  <message>Start action : click</message>
  <nestedLevel>1</nestedLevel>
  <property name="startLine">27</property>
  <property name="stepIndex">3</property>
</record>
<record>
  <date>2018-01-26T10:00:20</date>
  <millis>1516971620929</millis>
  <sequence>25</sequence>
  <level>INFO</level>
  <class>com.kms.katalon.core.logging.KeywordLogger</class>
  <method>logMessage</method>
  <thread>1</thread>
  <message>Finding Test Object with id &amp;apos;Object Repository/Carrinho TitularCartao/a_Entre&amp;apos;</message>
  <nestedLevel>1</nestedLevel>
</record>
<record>
  <date>2018-01-26T10:00:20</date>
  <millis>1516971620948</millis>
  <sequence>26</sequence>
  <level>INFO</level>
  <class>com.kms.katalon.core.logging.KeywordLogger</class>
  <method>logMessage</method>
  <thread>1</thread>
  <message>Checking object</message>
  <nestedLevel>1</nestedLevel>
</record>
<record>
  <date>2018-01-26T10:00:20</date>
  <millis>1516971620949</millis>
  <sequence>27</sequence>
  <level>INFO</level>
  <class>com.kms.katalon.core.logging.KeywordLogger</class>
  <method>logMessage</method>
  <thread>1</thread>
  <message>Checking timeout</message>
  <nestedLevel>1</nestedLevel>
</record>
<record>
  <date>2018-01-26T10:00:20</date>
  <millis>1516971620953</millis>
  <sequence>28</sequence>
  <level>INFO</level>
  <class>com.kms.katalon.core.logging.KeywordLogger</class>
  <method>logMessage</method>
  <thread>1</thread>
  <message>Finding web element with id: &amp;apos;Object Repository/Carrinho TitularCartao/a_Entre&amp;apos; located by &amp;apos;By.xpath: //a[count(. | //*[@href = &amp;apos;login&amp;apos;]) = count(//*[@href = &amp;apos;login&amp;apos;])][count(. | //*[text() = &amp;apos;Entre&amp;apos;]) = count(//*[text() = &amp;apos;Entre&amp;apos;])]&amp;apos; in &amp;apos;30&amp;apos; second(s)</message>
  <nestedLevel>1</nestedLevel>
</record>
<record>
  <date>2018-01-26T10:00:20</date>
  <millis>1516971620988</millis>
  <sequence>29</sequence>
  <level>INFO</level>
  <class>com.kms.katalon.core.logging.KeywordLogger</class>
  <method>logMessage</method>
  <thread>1</thread>
  <message>Found 1 web elements with id: &amp;apos;Object Repository/Carrinho TitularCartao/a_Entre&amp;apos; located by &amp;apos;By.xpath: //a[count(. | //*[@href = &amp;apos;login&amp;apos;]) = count(//*[@href = &amp;apos;login&amp;apos;])][count(. | //*[text() = &amp;apos;Entre&amp;apos;]) = count(//*[text() = &amp;apos;Entre&amp;apos;])]&amp;apos; in &amp;apos;30&amp;apos; second(s)</message>
  <nestedLevel>1</nestedLevel>
</record>
<record>
  <date>2018-01-26T10:00:20</date>
  <millis>1516971620989</millis>
  <sequence>30</sequence>
  <level>INFO</level>
  <class>com.kms.katalon.core.logging.KeywordLogger</class>
  <method>logMessage</method>
  <thread>1</thread>
  <message>Clicking on object: &amp;apos;Object Repository/Carrinho TitularCartao/a_Entre&amp;apos;</message>
  <nestedLevel>1</nestedLevel>
</record>
<record>
  <date>2018-01-26T10:00:22</date>
  <millis>1516971622654</millis>
  <sequence>31</sequence>
  <level>PASSED</level>
  <class>com.kms.katalon.core.logging.KeywordLogger</class>
  <method>logMessage</method>
  <thread>1</thread>
  <message>Object: &amp;apos;Object Repository/Carrinho TitularCartao/a_Entre&amp;apos; is clicked on</message>
  <nestedLevel>1</nestedLevel>
</record>
<record>
  <date>2018-01-26T10:00:22</date>
  <millis>1516971622654</millis>
  <sequence>32</sequence>
  <level>END</level>
  <class>com.kms.katalon.core.logging.KeywordLogger</class>
  <method>endKeyword</method>
  <thread>1</thread>
  <message>End action : click</message>
  <nestedLevel>1</nestedLevel>
</record>
<record>
  <date>2018-01-26T10:00:22</date>
  <millis>1516971622654</millis>
  <sequence>33</sequence>
  <level>START</level>
  <class>com.kms.katalon.core.logging.KeywordLogger</class>
  <method>startKeyword</method>
  <thread>1</thread>
  <message>Start action : setText</message>
  <nestedLevel>1</nestedLevel>
  <property name="startLine">29</property>
  <property name="stepIndex">4</property>
</record>
<record>
  <date>2018-01-26T10:00:22</date>
  <millis>1516971622655</millis>
  <sequence>34</sequence>
  <level>INFO</level>
  <class>com.kms.katalon.core.logging.KeywordLogger</class>
  <method>logMessage</method>
  <thread>1</thread>
  <message>Finding Test Object with id &amp;apos;Object Repository/Carrinho TitularCartao/input_cpf&amp;apos;</message>
  <nestedLevel>1</nestedLevel>
</record>
<record>
  <date>2018-01-26T10:00:22</date>
  <millis>1516971622668</millis>
  <sequence>35</sequence>
  <level>INFO</level>
  <class>com.kms.katalon.core.logging.KeywordLogger</class>
  <method>logMessage</method>
  <thread>1</thread>
  <message>Checking object</message>
  <nestedLevel>1</nestedLevel>
</record>
<record>
  <date>2018-01-26T10:00:22</date>
  <millis>1516971622668</millis>
  <sequence>36</sequence>
  <level>INFO</level>
  <class>com.kms.katalon.core.logging.KeywordLogger</class>
  <method>logMessage</method>
  <thread>1</thread>
  <message>Checking text</message>
  <nestedLevel>1</nestedLevel>
</record>
<record>
  <date>2018-01-26T10:00:22</date>
  <millis>1516971622669</millis>
  <sequence>37</sequence>
  <level>INFO</level>
  <class>com.kms.katalon.core.logging.KeywordLogger</class>
  <method>logMessage</method>
  <thread>1</thread>
  <message>Checking timeout</message>
  <nestedLevel>1</nestedLevel>
</record>
<record>
  <date>2018-01-26T10:00:22</date>
  <millis>1516971622670</millis>
  <sequence>38</sequence>
  <level>INFO</level>
  <class>com.kms.katalon.core.logging.KeywordLogger</class>
  <method>logMessage</method>
  <thread>1</thread>
  <message>Finding web element with id: &amp;apos;Object Repository/Carrinho TitularCartao/input_cpf&amp;apos; located by &amp;apos;By.xpath: //input[count(. | //*[@accesskey = &amp;apos;C&amp;apos;]) = count(//*[@accesskey = &amp;apos;C&amp;apos;])][count(. | //*[@placeholder = &amp;apos;Digite seu CPF&amp;apos;]) = count(//*[@placeholder = &amp;apos;Digite seu CPF&amp;apos;])][count(. | //*[@class = &amp;apos;numeric_only&amp;apos;]) = count(//*[@class = &amp;apos;numeric_only&amp;apos;])][count(. | //*[@id = &amp;apos;loginCpf&amp;apos;]) = count(//*[@id = &amp;apos;loginCpf&amp;apos;])][count(. | //*[@name = &amp;apos;cpf&amp;apos;]) = count(//*[@name = &amp;apos;cpf&amp;apos;])][count(. | //*[@type = &amp;apos;tel&amp;apos;]) = count(//*[@type = &amp;apos;tel&amp;apos;])][count(. | id(\&amp;quot;visao_login\&amp;quot;)/div[@class=\&amp;quot;log_options\&amp;quot;]/div[@class=\&amp;quot;box_acesso\&amp;quot;]/div[@class=\&amp;quot;login_opened\&amp;quot;]/form[@id=\&amp;quot;authentication\&amp;quot;]/input[@id=\&amp;quot;loginCpf\&amp;quot;]) = count(id(\&amp;quot;visao_login\&amp;quot;)/div[@class=\&amp;quot;log_options\&amp;quot;]/div[@class=\&amp;quot;box_acesso\&amp;quot;]/div[@class=\&amp;quot;login_opened\&amp;quot;]/form[@id=\&amp;quot;authentication\&amp;quot;]/input[@id=\&amp;quot;loginCpf\&amp;quot;])]&amp;apos; in &amp;apos;30&amp;apos; second(s)</message>
  <nestedLevel>1</nestedLevel>
</record>
<record>
  <date>2018-01-26T10:00:22</date>
  <millis>1516971622690</millis>
  <sequence>39</sequence>
  <level>INFO</level>
  <class>com.kms.katalon.core.logging.KeywordLogger</class>
  <method>logMessage</method>
  <thread>1</thread>
  <message>Found 1 web elements with id: &amp;apos;Object Repository/Carrinho TitularCartao/input_cpf&amp;apos; located by &amp;apos;By.xpath: //input[count(. | //*[@accesskey = &amp;apos;C&amp;apos;]) = count(//*[@accesskey = &amp;apos;C&amp;apos;])][count(. | //*[@placeholder = &amp;apos;Digite seu CPF&amp;apos;]) = count(//*[@placeholder = &amp;apos;Digite seu CPF&amp;apos;])][count(. | //*[@class = &amp;apos;numeric_only&amp;apos;]) = count(//*[@class = &amp;apos;numeric_only&amp;apos;])][count(. | //*[@id = &amp;apos;loginCpf&amp;apos;]) = count(//*[@id = &amp;apos;loginCpf&amp;apos;])][count(. | //*[@name = &amp;apos;cpf&amp;apos;]) = count(//*[@name = &amp;apos;cpf&amp;apos;])][count(. | //*[@type = &amp;apos;tel&amp;apos;]) = count(//*[@type = &amp;apos;tel&amp;apos;])][count(. | id(\&amp;quot;visao_login\&amp;quot;)/div[@class=\&amp;quot;log_options\&amp;quot;]/div[@class=\&amp;quot;box_acesso\&amp;quot;]/div[@class=\&amp;quot;login_opened\&amp;quot;]/form[@id=\&amp;quot;authentication\&amp;quot;]/input[@id=\&amp;quot;loginCpf\&amp;quot;]) = count(id(\&amp;quot;visao_login\&amp;quot;)/div[@class=\&amp;quot;log_options\&amp;quot;]/div[@class=\&amp;quot;box_acesso\&amp;quot;]/div[@class=\&amp;quot;login_opened\&amp;quot;]/form[@id=\&amp;quot;authentication\&amp;quot;]/input[@id=\&amp;quot;loginCpf\&amp;quot;])]&amp;apos; in &amp;apos;30&amp;apos; second(s)</message>
  <nestedLevel>1</nestedLevel>
</record>
<record>
  <date>2018-01-26T10:00:22</date>
  <millis>1516971622691</millis>
  <sequence>40</sequence>
  <level>INFO</level>
  <class>com.kms.katalon.core.logging.KeywordLogger</class>
  <method>logMessage</method>
  <thread>1</thread>
  <message>Clearing text of object &amp;apos;Object Repository/Carrinho TitularCartao/input_cpf&amp;apos;</message>
  <nestedLevel>1</nestedLevel>
</record>
<record>
  <date>2018-01-26T10:00:22</date>
  <millis>1516971622709</millis>
  <sequence>41</sequence>
  <level>INFO</level>
  <class>com.kms.katalon.core.logging.KeywordLogger</class>
  <method>logMessage</method>
  <thread>1</thread>
  <message>Checking timeout</message>
  <nestedLevel>1</nestedLevel>
</record>
<record>
  <date>2018-01-26T10:00:22</date>
  <millis>1516971622710</millis>
  <sequence>42</sequence>
  <level>INFO</level>
  <class>com.kms.katalon.core.logging.KeywordLogger</class>
  <method>logMessage</method>
  <thread>1</thread>
  <message>Finding web element with id: &amp;apos;Object Repository/Carrinho TitularCartao/input_cpf&amp;apos; located by &amp;apos;By.xpath: //input[count(. | //*[@accesskey = &amp;apos;C&amp;apos;]) = count(//*[@accesskey = &amp;apos;C&amp;apos;])][count(. | //*[@placeholder = &amp;apos;Digite seu CPF&amp;apos;]) = count(//*[@placeholder = &amp;apos;Digite seu CPF&amp;apos;])][count(. | //*[@class = &amp;apos;numeric_only&amp;apos;]) = count(//*[@class = &amp;apos;numeric_only&amp;apos;])][count(. | //*[@id = &amp;apos;loginCpf&amp;apos;]) = count(//*[@id = &amp;apos;loginCpf&amp;apos;])][count(. | //*[@name = &amp;apos;cpf&amp;apos;]) = count(//*[@name = &amp;apos;cpf&amp;apos;])][count(. | //*[@type = &amp;apos;tel&amp;apos;]) = count(//*[@type = &amp;apos;tel&amp;apos;])][count(. | id(\&amp;quot;visao_login\&amp;quot;)/div[@class=\&amp;quot;log_options\&amp;quot;]/div[@class=\&amp;quot;box_acesso\&amp;quot;]/div[@class=\&amp;quot;login_opened\&amp;quot;]/form[@id=\&amp;quot;authentication\&amp;quot;]/input[@id=\&amp;quot;loginCpf\&amp;quot;]) = count(id(\&amp;quot;visao_login\&amp;quot;)/div[@class=\&amp;quot;log_options\&amp;quot;]/div[@class=\&amp;quot;box_acesso\&amp;quot;]/div[@class=\&amp;quot;login_opened\&amp;quot;]/form[@id=\&amp;quot;authentication\&amp;quot;]/input[@id=\&amp;quot;loginCpf\&amp;quot;])]&amp;apos; in &amp;apos;30&amp;apos; second(s)</message>
  <nestedLevel>1</nestedLevel>
</record>
<record>
  <date>2018-01-26T10:00:22</date>
  <millis>1516971622723</millis>
  <sequence>43</sequence>
  <level>INFO</level>
  <class>com.kms.katalon.core.logging.KeywordLogger</class>
  <method>logMessage</method>
  <thread>1</thread>
  <message>Found 1 web elements with id: &amp;apos;Object Repository/Carrinho TitularCartao/input_cpf&amp;apos; located by &amp;apos;By.xpath: //input[count(. | //*[@accesskey = &amp;apos;C&amp;apos;]) = count(//*[@accesskey = &amp;apos;C&amp;apos;])][count(. | //*[@placeholder = &amp;apos;Digite seu CPF&amp;apos;]) = count(//*[@placeholder = &amp;apos;Digite seu CPF&amp;apos;])][count(. | //*[@class = &amp;apos;numeric_only&amp;apos;]) = count(//*[@class = &amp;apos;numeric_only&amp;apos;])][count(. | //*[@id = &amp;apos;loginCpf&amp;apos;]) = count(//*[@id = &amp;apos;loginCpf&amp;apos;])][count(. | //*[@name = &amp;apos;cpf&amp;apos;]) = count(//*[@name = &amp;apos;cpf&amp;apos;])][count(. | //*[@type = &amp;apos;tel&amp;apos;]) = count(//*[@type = &amp;apos;tel&amp;apos;])][count(. | id(\&amp;quot;visao_login\&amp;quot;)/div[@class=\&amp;quot;log_options\&amp;quot;]/div[@class=\&amp;quot;box_acesso\&amp;quot;]/div[@class=\&amp;quot;login_opened\&amp;quot;]/form[@id=\&amp;quot;authentication\&amp;quot;]/input[@id=\&amp;quot;loginCpf\&amp;quot;]) = count(id(\&amp;quot;visao_login\&amp;quot;)/div[@class=\&amp;quot;log_options\&amp;quot;]/div[@class=\&amp;quot;box_acesso\&amp;quot;]/div[@class=\&amp;quot;login_opened\&amp;quot;]/form[@id=\&amp;quot;authentication\&amp;quot;]/input[@id=\&amp;quot;loginCpf\&amp;quot;])]&amp;apos; in &amp;apos;30&amp;apos; second(s)</message>
  <nestedLevel>1</nestedLevel>
</record>
<record>
  <date>2018-01-26T10:00:22</date>
  <millis>1516971622728</millis>
  <sequence>44</sequence>
  <level>INFO</level>
  <class>com.kms.katalon.core.logging.KeywordLogger</class>
  <method>logMessage</method>
  <thread>1</thread>
  <message>Setting text of object &amp;apos;Object Repository/Carrinho TitularCartao/input_cpf&amp;apos; to value &amp;apos;10238621405&amp;apos;</message>
  <nestedLevel>1</nestedLevel>
</record>
<record>
  <date>2018-01-26T10:00:22</date>
  <millis>1516971622791</millis>
  <sequence>45</sequence>
  <level>PASSED</level>
  <class>com.kms.katalon.core.logging.KeywordLogger</class>
  <method>logMessage</method>
  <thread>1</thread>
  <message>Text &amp;apos;10238621405&amp;apos; is set on object &amp;apos;Object Repository/Carrinho TitularCartao/input_cpf&amp;apos;</message>
  <nestedLevel>1</nestedLevel>
</record>
<record>
  <date>2018-01-26T10:00:22</date>
  <millis>1516971622792</millis>
  <sequence>46</sequence>
  <level>END</level>
  <class>com.kms.katalon.core.logging.KeywordLogger</class>
  <method>endKeyword</method>
  <thread>1</thread>
  <message>End action : setText</message>
  <nestedLevel>1</nestedLevel>
</record>
<record>
  <date>2018-01-26T10:00:22</date>
  <millis>1516971622792</millis>
  <sequence>47</sequence>
  <level>START</level>
  <class>com.kms.katalon.core.logging.KeywordLogger</class>
  <method>startKeyword</method>
  <thread>1</thread>
  <message>Start action : setText</message>
  <nestedLevel>1</nestedLevel>
  <property name="startLine">31</property>
  <property name="stepIndex">5</property>
</record>
<record>
  <date>2018-01-26T10:00:22</date>
  <millis>1516971622793</millis>
  <sequence>48</sequence>
  <level>INFO</level>
  <class>com.kms.katalon.core.logging.KeywordLogger</class>
  <method>logMessage</method>
  <thread>1</thread>
  <message>Finding Test Object with id &amp;apos;Object Repository/Carrinho TitularCartao/input_senha&amp;apos;</message>
  <nestedLevel>1</nestedLevel>
</record>
<record>
  <date>2018-01-26T10:00:22</date>
  <millis>1516971622797</millis>
  <sequence>49</sequence>
  <level>INFO</level>
  <class>com.kms.katalon.core.logging.KeywordLogger</class>
  <method>logMessage</method>
  <thread>1</thread>
  <message>Checking object</message>
  <nestedLevel>1</nestedLevel>
</record>
<record>
  <date>2018-01-26T10:00:22</date>
  <millis>1516971622797</millis>
  <sequence>50</sequence>
  <level>INFO</level>
  <class>com.kms.katalon.core.logging.KeywordLogger</class>
  <method>logMessage</method>
  <thread>1</thread>
  <message>Checking text</message>
  <nestedLevel>1</nestedLevel>
</record>
<record>
  <date>2018-01-26T10:00:22</date>
  <millis>1516971622797</millis>
  <sequence>51</sequence>
  <level>INFO</level>
  <class>com.kms.katalon.core.logging.KeywordLogger</class>
  <method>logMessage</method>
  <thread>1</thread>
  <message>Checking timeout</message>
  <nestedLevel>1</nestedLevel>
</record>
<record>
  <date>2018-01-26T10:00:22</date>
  <millis>1516971622798</millis>
  <sequence>52</sequence>
  <level>INFO</level>
  <class>com.kms.katalon.core.logging.KeywordLogger</class>
  <method>logMessage</method>
  <thread>1</thread>
  <message>Finding web element with id: &amp;apos;Object Repository/Carrinho TitularCartao/input_senha&amp;apos; located by &amp;apos;By.xpath: //input[count(. | //*[@type = &amp;apos;password&amp;apos;]) = count(//*[@type = &amp;apos;password&amp;apos;])][count(. | //*[@id = &amp;apos;loginSenha&amp;apos;]) = count(//*[@id = &amp;apos;loginSenha&amp;apos;])][count(. | //*[@name = &amp;apos;senha&amp;apos;]) = count(//*[@name = &amp;apos;senha&amp;apos;])][count(. | //*[@title = &amp;apos;Digite sua senha&amp;apos;]) = count(//*[@title = &amp;apos;Digite sua senha&amp;apos;])][count(. | //*[@placeholder = &amp;apos;Digite sua senha&amp;apos;]) = count(//*[@placeholder = &amp;apos;Digite sua senha&amp;apos;])]&amp;apos; in &amp;apos;30&amp;apos; second(s)</message>
  <nestedLevel>1</nestedLevel>
</record>
<record>
  <date>2018-01-26T10:00:22</date>
  <millis>1516971622814</millis>
  <sequence>53</sequence>
  <level>INFO</level>
  <class>com.kms.katalon.core.logging.KeywordLogger</class>
  <method>logMessage</method>
  <thread>1</thread>
  <message>Found 1 web elements with id: &amp;apos;Object Repository/Carrinho TitularCartao/input_senha&amp;apos; located by &amp;apos;By.xpath: //input[count(. | //*[@type = &amp;apos;password&amp;apos;]) = count(//*[@type = &amp;apos;password&amp;apos;])][count(. | //*[@id = &amp;apos;loginSenha&amp;apos;]) = count(//*[@id = &amp;apos;loginSenha&amp;apos;])][count(. | //*[@name = &amp;apos;senha&amp;apos;]) = count(//*[@name = &amp;apos;senha&amp;apos;])][count(. | //*[@title = &amp;apos;Digite sua senha&amp;apos;]) = count(//*[@title = &amp;apos;Digite sua senha&amp;apos;])][count(. | //*[@placeholder = &amp;apos;Digite sua senha&amp;apos;]) = count(//*[@placeholder = &amp;apos;Digite sua senha&amp;apos;])]&amp;apos; in &amp;apos;30&amp;apos; second(s)</message>
  <nestedLevel>1</nestedLevel>
</record>
<record>
  <date>2018-01-26T10:00:22</date>
  <millis>1516971622815</millis>
  <sequence>54</sequence>
  <level>INFO</level>
  <class>com.kms.katalon.core.logging.KeywordLogger</class>
  <method>logMessage</method>
  <thread>1</thread>
  <message>Clearing text of object &amp;apos;Object Repository/Carrinho TitularCartao/input_senha&amp;apos;</message>
  <nestedLevel>1</nestedLevel>
</record>
<record>
  <date>2018-01-26T10:00:22</date>
  <millis>1516971622837</millis>
  <sequence>55</sequence>
  <level>INFO</level>
  <class>com.kms.katalon.core.logging.KeywordLogger</class>
  <method>logMessage</method>
  <thread>1</thread>
  <message>Checking timeout</message>
  <nestedLevel>1</nestedLevel>
</record>
<record>
  <date>2018-01-26T10:00:22</date>
  <millis>1516971622837</millis>
  <sequence>56</sequence>
  <level>INFO</level>
  <class>com.kms.katalon.core.logging.KeywordLogger</class>
  <method>logMessage</method>
  <thread>1</thread>
  <message>Finding web element with id: &amp;apos;Object Repository/Carrinho TitularCartao/input_senha&amp;apos; located by &amp;apos;By.xpath: //input[count(. | //*[@type = &amp;apos;password&amp;apos;]) = count(//*[@type = &amp;apos;password&amp;apos;])][count(. | //*[@id = &amp;apos;loginSenha&amp;apos;]) = count(//*[@id = &amp;apos;loginSenha&amp;apos;])][count(. | //*[@name = &amp;apos;senha&amp;apos;]) = count(//*[@name = &amp;apos;senha&amp;apos;])][count(. | //*[@title = &amp;apos;Digite sua senha&amp;apos;]) = count(//*[@title = &amp;apos;Digite sua senha&amp;apos;])][count(. | //*[@placeholder = &amp;apos;Digite sua senha&amp;apos;]) = count(//*[@placeholder = &amp;apos;Digite sua senha&amp;apos;])]&amp;apos; in &amp;apos;30&amp;apos; second(s)</message>
  <nestedLevel>1</nestedLevel>
</record>
<record>
  <date>2018-01-26T10:00:22</date>
  <millis>1516971622851</millis>
  <sequence>57</sequence>
  <level>INFO</level>
  <class>com.kms.katalon.core.logging.KeywordLogger</class>
  <method>logMessage</method>
  <thread>1</thread>
  <message>Found 1 web elements with id: &amp;apos;Object Repository/Carrinho TitularCartao/input_senha&amp;apos; located by &amp;apos;By.xpath: //input[count(. | //*[@type = &amp;apos;password&amp;apos;]) = count(//*[@type = &amp;apos;password&amp;apos;])][count(. | //*[@id = &amp;apos;loginSenha&amp;apos;]) = count(//*[@id = &amp;apos;loginSenha&amp;apos;])][count(. | //*[@name = &amp;apos;senha&amp;apos;]) = count(//*[@name = &amp;apos;senha&amp;apos;])][count(. | //*[@title = &amp;apos;Digite sua senha&amp;apos;]) = count(//*[@title = &amp;apos;Digite sua senha&amp;apos;])][count(. | //*[@placeholder = &amp;apos;Digite sua senha&amp;apos;]) = count(//*[@placeholder = &amp;apos;Digite sua senha&amp;apos;])]&amp;apos; in &amp;apos;30&amp;apos; second(s)</message>
  <nestedLevel>1</nestedLevel>
</record>
<record>
  <date>2018-01-26T10:00:22</date>
  <millis>1516971622852</millis>
  <sequence>58</sequence>
  <level>INFO</level>
  <class>com.kms.katalon.core.logging.KeywordLogger</class>
  <method>logMessage</method>
  <thread>1</thread>
  <message>Setting text of object &amp;apos;Object Repository/Carrinho TitularCartao/input_senha&amp;apos; to value &amp;apos;1234asdF&amp;apos;</message>
  <nestedLevel>1</nestedLevel>
</record>
<record>
  <date>2018-01-26T10:00:22</date>
  <millis>1516971622898</millis>
  <sequence>59</sequence>
  <level>PASSED</level>
  <class>com.kms.katalon.core.logging.KeywordLogger</class>
  <method>logMessage</method>
  <thread>1</thread>
  <message>Text &amp;apos;1234asdF&amp;apos; is set on object &amp;apos;Object Repository/Carrinho TitularCartao/input_senha&amp;apos;</message>
  <nestedLevel>1</nestedLevel>
</record>
<record>
  <date>2018-01-26T10:00:22</date>
  <millis>1516971622899</millis>
  <sequence>60</sequence>
  <level>END</level>
  <class>com.kms.katalon.core.logging.KeywordLogger</class>
  <method>endKeyword</method>
  <thread>1</thread>
  <message>End action : setText</message>
  <nestedLevel>1</nestedLevel>
</record>
<record>
  <date>2018-01-26T10:00:22</date>
  <millis>1516971622899</millis>
  <sequence>61</sequence>
  <level>START</level>
  <class>com.kms.katalon.core.logging.KeywordLogger</class>
  <method>startKeyword</method>
  <thread>1</thread>
  <message>Start action : click</message>
  <nestedLevel>1</nestedLevel>
  <property name="startLine">33</property>
  <property name="stepIndex">6</property>
</record>
<record>
  <date>2018-01-26T10:00:22</date>
  <millis>1516971622899</millis>
  <sequence>62</sequence>
  <level>INFO</level>
  <class>com.kms.katalon.core.logging.KeywordLogger</class>
  <method>logMessage</method>
  <thread>1</thread>
  <message>Finding Test Object with id &amp;apos;Object Repository/Carrinho TitularCartao/input_ok&amp;apos;</message>
  <nestedLevel>1</nestedLevel>
</record>
<record>
  <date>2018-01-26T10:00:22</date>
  <millis>1516971622903</millis>
  <sequence>63</sequence>
  <level>INFO</level>
  <class>com.kms.katalon.core.logging.KeywordLogger</class>
  <method>logMessage</method>
  <thread>1</thread>
  <message>Checking object</message>
  <nestedLevel>1</nestedLevel>
</record>
<record>
  <date>2018-01-26T10:00:22</date>
  <millis>1516971622903</millis>
  <sequence>64</sequence>
  <level>INFO</level>
  <class>com.kms.katalon.core.logging.KeywordLogger</class>
  <method>logMessage</method>
  <thread>1</thread>
  <message>Checking timeout</message>
  <nestedLevel>1</nestedLevel>
</record>
<record>
  <date>2018-01-26T10:00:22</date>
  <millis>1516971622904</millis>
  <sequence>65</sequence>
  <level>INFO</level>
  <class>com.kms.katalon.core.logging.KeywordLogger</class>
  <method>logMessage</method>
  <thread>1</thread>
  <message>Finding web element with id: &amp;apos;Object Repository/Carrinho TitularCartao/input_ok&amp;apos; located by &amp;apos;By.xpath: //input[count(. | //*[@id = &amp;apos;o&amp;apos;]) = count(//*[@id = &amp;apos;o&amp;apos;])][count(. | //*[@name = &amp;apos;ok&amp;apos;]) = count(//*[@name = &amp;apos;ok&amp;apos;])][count(. | //*[@type = &amp;apos;submit&amp;apos;]) = count(//*[@type = &amp;apos;submit&amp;apos;])]&amp;apos; in &amp;apos;30&amp;apos; second(s)</message>
  <nestedLevel>1</nestedLevel>
</record>
<record>
  <date>2018-01-26T10:00:22</date>
  <millis>1516971622923</millis>
  <sequence>66</sequence>
  <level>INFO</level>
  <class>com.kms.katalon.core.logging.KeywordLogger</class>
  <method>logMessage</method>
  <thread>1</thread>
  <message>Found 1 web elements with id: &amp;apos;Object Repository/Carrinho TitularCartao/input_ok&amp;apos; located by &amp;apos;By.xpath: //input[count(. | //*[@id = &amp;apos;o&amp;apos;]) = count(//*[@id = &amp;apos;o&amp;apos;])][count(. | //*[@name = &amp;apos;ok&amp;apos;]) = count(//*[@name = &amp;apos;ok&amp;apos;])][count(. | //*[@type = &amp;apos;submit&amp;apos;]) = count(//*[@type = &amp;apos;submit&amp;apos;])]&amp;apos; in &amp;apos;30&amp;apos; second(s)</message>
  <nestedLevel>1</nestedLevel>
</record>
<record>
  <date>2018-01-26T10:00:22</date>
  <millis>1516971622924</millis>
  <sequence>67</sequence>
  <level>INFO</level>
  <class>com.kms.katalon.core.logging.KeywordLogger</class>
  <method>logMessage</method>
  <thread>1</thread>
  <message>Clicking on object: &amp;apos;Object Repository/Carrinho TitularCartao/input_ok&amp;apos;</message>
  <nestedLevel>1</nestedLevel>
</record>
<record>
  <date>2018-01-26T10:00:25</date>
  <millis>1516971625373</millis>
  <sequence>68</sequence>
  <level>PASSED</level>
  <class>com.kms.katalon.core.logging.KeywordLogger</class>
  <method>logMessage</method>
  <thread>1</thread>
  <message>Object: &amp;apos;Object Repository/Carrinho TitularCartao/input_ok&amp;apos; is clicked on</message>
  <nestedLevel>1</nestedLevel>
</record>
<record>
  <date>2018-01-26T10:00:25</date>
  <millis>1516971625374</millis>
  <sequence>69</sequence>
  <level>END</level>
  <class>com.kms.katalon.core.logging.KeywordLogger</class>
  <method>endKeyword</method>
  <thread>1</thread>
  <message>End action : click</message>
  <nestedLevel>1</nestedLevel>
</record>
<record>
  <date>2018-01-26T10:00:25</date>
  <millis>1516971625374</millis>
  <sequence>70</sequence>
  <level>START</level>
  <class>com.kms.katalon.core.logging.KeywordLogger</class>
  <method>startKeyword</method>
  <thread>1</thread>
  <message>Start action : click</message>
  <nestedLevel>1</nestedLevel>
  <property name="startLine">35</property>
  <property name="stepIndex">7</property>
</record>
<record>
  <date>2018-01-26T10:00:25</date>
  <millis>1516971625375</millis>
  <sequence>71</sequence>
  <level>INFO</level>
  <class>com.kms.katalon.core.logging.KeywordLogger</class>
  <method>logMessage</method>
  <thread>1</thread>
  <message>Finding Test Object with id &amp;apos;Object Repository/Carrinho TitularCartao/h3_rea de Inovao&amp;apos;</message>
  <nestedLevel>1</nestedLevel>
</record>
<record>
  <date>2018-01-26T10:00:25</date>
  <millis>1516971625378</millis>
  <sequence>72</sequence>
  <level>INFO</level>
  <class>com.kms.katalon.core.logging.KeywordLogger</class>
  <method>logMessage</method>
  <thread>1</thread>
  <message>Checking object</message>
  <nestedLevel>1</nestedLevel>
</record>
<record>
  <date>2018-01-26T10:00:25</date>
  <millis>1516971625379</millis>
  <sequence>73</sequence>
  <level>INFO</level>
  <class>com.kms.katalon.core.logging.KeywordLogger</class>
  <method>logMessage</method>
  <thread>1</thread>
  <message>Checking timeout</message>
  <nestedLevel>1</nestedLevel>
</record>
<record>
  <date>2018-01-26T10:00:25</date>
  <millis>1516971625379</millis>
  <sequence>74</sequence>
  <level>INFO</level>
  <class>com.kms.katalon.core.logging.KeywordLogger</class>
  <method>logMessage</method>
  <thread>1</thread>
  <message>Finding web element with id: &amp;apos;Object Repository/Carrinho TitularCartao/h3_rea de Inovao&amp;apos; located by &amp;apos;By.xpath: //h3[count(. | //*[@title = &amp;apos;\u00C1rea de Inova\u00E7\u00E3o&amp;apos;]) = count(//*[@title = &amp;apos;\u00C1rea de Inova\u00E7\u00E3o&amp;apos;])][count(. | //*[text() = &amp;apos;\u00C1rea de Inova\u00E7\u00E3o&amp;apos;]) = count(//*[text() = &amp;apos;\u00C1rea de Inova\u00E7\u00E3o&amp;apos;])]&amp;apos; in &amp;apos;30&amp;apos; second(s)</message>
  <nestedLevel>1</nestedLevel>
</record>
<record>
  <date>2018-01-26T10:00:25</date>
  <millis>1516971625399</millis>
  <sequence>75</sequence>
  <level>INFO</level>
  <class>com.kms.katalon.core.logging.KeywordLogger</class>
  <method>logMessage</method>
  <thread>1</thread>
  <message>Found 1 web elements with id: &amp;apos;Object Repository/Carrinho TitularCartao/h3_rea de Inovao&amp;apos; located by &amp;apos;By.xpath: //h3[count(. | //*[@title = &amp;apos;\u00C1rea de Inova\u00E7\u00E3o&amp;apos;]) = count(//*[@title = &amp;apos;\u00C1rea de Inova\u00E7\u00E3o&amp;apos;])][count(. | //*[text() = &amp;apos;\u00C1rea de Inova\u00E7\u00E3o&amp;apos;]) = count(//*[text() = &amp;apos;\u00C1rea de Inova\u00E7\u00E3o&amp;apos;])]&amp;apos; in &amp;apos;30&amp;apos; second(s)</message>
  <nestedLevel>1</nestedLevel>
</record>
<record>
  <date>2018-01-26T10:00:25</date>
  <millis>1516971625400</millis>
  <sequence>76</sequence>
  <level>INFO</level>
  <class>com.kms.katalon.core.logging.KeywordLogger</class>
  <method>logMessage</method>
  <thread>1</thread>
  <message>Clicking on object: &amp;apos;Object Repository/Carrinho TitularCartao/h3_rea de Inovao&amp;apos;</message>
  <nestedLevel>1</nestedLevel>
</record>
<record>
  <date>2018-01-26T10:00:29</date>
  <millis>1516971629266</millis>
  <sequence>77</sequence>
  <level>PASSED</level>
  <class>com.kms.katalon.core.logging.KeywordLogger</class>
  <method>logMessage</method>
  <thread>1</thread>
  <message>Object: &amp;apos;Object Repository/Carrinho TitularCartao/h3_rea de Inovao&amp;apos; is clicked on</message>
  <nestedLevel>1</nestedLevel>
</record>
<record>
  <date>2018-01-26T10:00:29</date>
  <millis>1516971629267</millis>
  <sequence>78</sequence>
  <level>END</level>
  <class>com.kms.katalon.core.logging.KeywordLogger</class>
  <method>endKeyword</method>
  <thread>1</thread>
  <message>End action : click</message>
  <nestedLevel>1</nestedLevel>
</record>
<record>
  <date>2018-01-26T10:00:29</date>
  <millis>1516971629268</millis>
  <sequence>79</sequence>
  <level>START</level>
  <class>com.kms.katalon.core.logging.KeywordLogger</class>
  <method>startKeyword</method>
  <thread>1</thread>
  <message>Start action : doubleClick</message>
  <nestedLevel>1</nestedLevel>
  <property name="startLine">37</property>
  <property name="stepIndex">8</property>
</record>
<record>
  <date>2018-01-26T10:00:29</date>
  <millis>1516971629268</millis>
  <sequence>80</sequence>
  <level>INFO</level>
  <class>com.kms.katalon.core.logging.KeywordLogger</class>
  <method>logMessage</method>
  <thread>1</thread>
  <message>Finding Test Object with id &amp;apos;Object Repository/Carrinho TitularCartao/a_Adicionar ao carrinho&amp;apos;</message>
  <nestedLevel>1</nestedLevel>
</record>
<record>
  <date>2018-01-26T10:00:29</date>
  <millis>1516971629287</millis>
  <sequence>81</sequence>
  <level>INFO</level>
  <class>com.kms.katalon.core.logging.KeywordLogger</class>
  <method>logMessage</method>
  <thread>1</thread>
  <message>Checking object</message>
  <nestedLevel>1</nestedLevel>
</record>
<record>
  <date>2018-01-26T10:00:29</date>
  <millis>1516971629288</millis>
  <sequence>82</sequence>
  <level>INFO</level>
  <class>com.kms.katalon.core.logging.KeywordLogger</class>
  <method>logMessage</method>
  <thread>1</thread>
  <message>Checking timeout</message>
  <nestedLevel>1</nestedLevel>
</record>
<record>
  <date>2018-01-26T10:00:29</date>
  <millis>1516971629288</millis>
  <sequence>83</sequence>
  <level>INFO</level>
  <class>com.kms.katalon.core.logging.KeywordLogger</class>
  <method>logMessage</method>
  <thread>1</thread>
  <message>Finding web element with id: &amp;apos;Object Repository/Carrinho TitularCartao/a_Adicionar ao carrinho&amp;apos; located by &amp;apos;By.xpath: //*[@class = &amp;apos;add addInscricao onCarrinho top_compra hvr-bounce-in&amp;apos;]&amp;apos; in &amp;apos;30&amp;apos; second(s)</message>
  <nestedLevel>1</nestedLevel>
</record>
<record>
  <date>2018-01-26T10:00:29</date>
  <millis>1516971629306</millis>
  <sequence>84</sequence>
  <level>INFO</level>
  <class>com.kms.katalon.core.logging.KeywordLogger</class>
  <method>logMessage</method>
  <thread>1</thread>
  <message>Found 1 web elements with id: &amp;apos;Object Repository/Carrinho TitularCartao/a_Adicionar ao carrinho&amp;apos; located by &amp;apos;By.xpath: //*[@class = &amp;apos;add addInscricao onCarrinho top_compra hvr-bounce-in&amp;apos;]&amp;apos; in &amp;apos;30&amp;apos; second(s)</message>
  <nestedLevel>1</nestedLevel>
</record>
<record>
  <date>2018-01-26T10:00:29</date>
  <millis>1516971629306</millis>
  <sequence>85</sequence>
  <level>INFO</level>
  <class>com.kms.katalon.core.logging.KeywordLogger</class>
  <method>logMessage</method>
  <thread>1</thread>
  <message>Double clicking on object: &amp;apos;Object Repository/Carrinho TitularCartao/a_Adicionar ao carrinho&amp;apos;</message>
  <nestedLevel>1</nestedLevel>
</record>
<record>
  <date>2018-01-26T10:00:29</date>
  <millis>1516971629388</millis>
  <sequence>86</sequence>
  <level>PASSED</level>
  <class>com.kms.katalon.core.logging.KeywordLogger</class>
  <method>logMessage</method>
  <thread>1</thread>
  <message>Object: &amp;apos;Object Repository/Carrinho TitularCartao/a_Adicionar ao carrinho&amp;apos; is double clicked on</message>
  <nestedLevel>1</nestedLevel>
</record>
<record>
  <date>2018-01-26T10:00:29</date>
  <millis>1516971629389</millis>
  <sequence>87</sequence>
  <level>END</level>
  <class>com.kms.katalon.core.logging.KeywordLogger</class>
  <method>endKeyword</method>
  <thread>1</thread>
  <message>End action : doubleClick</message>
  <nestedLevel>1</nestedLevel>
</record>
<record>
  <date>2018-01-26T10:00:29</date>
  <millis>1516971629389</millis>
  <sequence>88</sequence>
  <level>START</level>
  <class>com.kms.katalon.core.logging.KeywordLogger</class>
  <method>startKeyword</method>
  <thread>1</thread>
  <message>Start action : waitForPageLoad</message>
  <nestedLevel>1</nestedLevel>
  <property name="startLine">39</property>
  <property name="stepIndex">9</property>
</record>
<record>
  <date>2018-01-26T10:00:29</date>
  <millis>1516971629415</millis>
  <sequence>89</sequence>
  <level>INFO</level>
  <class>com.kms.katalon.core.logging.KeywordLogger</class>
  <method>logMessage</method>
  <thread>1</thread>
  <message>Checking timeout</message>
  <nestedLevel>1</nestedLevel>
</record>
<record>
  <date>2018-01-26T10:00:29</date>
  <millis>1516971629453</millis>
  <sequence>90</sequence>
  <level>PASSED</level>
  <class>com.kms.katalon.core.logging.KeywordLogger</class>
  <method>logMessage</method>
  <thread>1</thread>
  <message>Wait for page load successfully</message>
  <nestedLevel>1</nestedLevel>
</record>
<record>
  <date>2018-01-26T10:00:29</date>
  <millis>1516971629453</millis>
  <sequence>91</sequence>
  <level>END</level>
  <class>com.kms.katalon.core.logging.KeywordLogger</class>
  <method>endKeyword</method>
  <thread>1</thread>
  <message>End action : waitForPageLoad</message>
  <nestedLevel>1</nestedLevel>
</record>
<record>
  <date>2018-01-26T10:00:29</date>
  <millis>1516971629453</millis>
  <sequence>92</sequence>
  <level>START</level>
  <class>com.kms.katalon.core.logging.KeywordLogger</class>
  <method>startKeyword</method>
  <thread>1</thread>
  <message>Start action : doubleClick</message>
  <nestedLevel>1</nestedLevel>
  <property name="startLine">41</property>
  <property name="stepIndex">10</property>
</record>
<record>
  <date>2018-01-26T10:00:29</date>
  <millis>1516971629454</millis>
  <sequence>93</sequence>
  <level>INFO</level>
  <class>com.kms.katalon.core.logging.KeywordLogger</class>
  <method>logMessage</method>
  <thread>1</thread>
  <message>Finding Test Object with id &amp;apos;Object Repository/Carrinho TitularCartao/input_infoPagamento.cartao.nom&amp;apos;</message>
  <nestedLevel>1</nestedLevel>
</record>
<record>
  <date>2018-01-26T10:00:29</date>
  <millis>1516971629457</millis>
  <sequence>94</sequence>
  <level>INFO</level>
  <class>com.kms.katalon.core.logging.KeywordLogger</class>
  <method>logMessage</method>
  <thread>1</thread>
  <message>Checking object</message>
  <nestedLevel>1</nestedLevel>
</record>
<record>
  <date>2018-01-26T10:00:29</date>
  <millis>1516971629457</millis>
  <sequence>95</sequence>
  <level>INFO</level>
  <class>com.kms.katalon.core.logging.KeywordLogger</class>
  <method>logMessage</method>
  <thread>1</thread>
  <message>Checking timeout</message>
  <nestedLevel>1</nestedLevel>
</record>
<record>
  <date>2018-01-26T10:00:29</date>
  <millis>1516971629458</millis>
  <sequence>96</sequence>
  <level>INFO</level>
  <class>com.kms.katalon.core.logging.KeywordLogger</class>
  <method>logMessage</method>
  <thread>1</thread>
  <message>Finding web element with id: &amp;apos;Object Repository/Carrinho TitularCartao/input_infoPagamento.cartao.nom&amp;apos; located by &amp;apos;By.xpath: //input[count(. | //*[@type = &amp;apos;text&amp;apos;]) = count(//*[@type = &amp;apos;text&amp;apos;])][count(. | //*[@name = &amp;apos;infoPagamento.cartao.nome&amp;apos;]) = count(//*[@name = &amp;apos;infoPagamento.cartao.nome&amp;apos;])][count(. | //*[@class = &amp;apos;required fieldcard&amp;apos;]) = count(//*[@class = &amp;apos;required fieldcard&amp;apos;])][count(. | //*[@placeholder = &amp;apos;Nome do Cart\u00E3o&amp;apos;]) = count(//*[@placeholder = &amp;apos;Nome do Cart\u00E3o&amp;apos;])][count(. | id(\&amp;quot;cartaodecredito\&amp;quot;)/form[@id=\&amp;quot;infoPagamento\&amp;quot;]/fieldset[@class=\&amp;quot;row\&amp;quot;]/div[@class=\&amp;quot;col-sm-3\&amp;quot;]/label[@class=\&amp;quot;campoPagar cartao\&amp;quot;]/input[@class=\&amp;quot;required fieldcard\&amp;quot;]) = count(id(\&amp;quot;cartaodecredito\&amp;quot;)/form[@id=\&amp;quot;infoPagamento\&amp;quot;]/fieldset[@class=\&amp;quot;row\&amp;quot;]/div[@class=\&amp;quot;col-sm-3\&amp;quot;]/label[@class=\&amp;quot;campoPagar cartao\&amp;quot;]/input[@class=\&amp;quot;required fieldcard\&amp;quot;])]&amp;apos; in &amp;apos;30&amp;apos; second(s)</message>
  <nestedLevel>1</nestedLevel>
</record>
<record>
  <date>2018-01-26T10:01:01</date>
  <millis>1516971661780</millis>
  <sequence>97</sequence>
  <level>FAILED</level>
  <class>com.kms.katalon.core.logging.KeywordLogger</class>
  <method>logMessage</method>
  <thread>1</thread>
  <message>Unable to double click on object &amp;apos;Object Repository/Carrinho TitularCartao/input_infoPagamento.cartao.nom&amp;apos; (Root cause: com.kms.katalon.core.webui.exception.WebElementNotFoundException: Web element with id: &amp;apos;Object Repository/Carrinho TitularCartao/input_infoPagamento.cartao.nom&amp;apos; located by &amp;apos;By.xpath: //input[count(. | //*[@type = &amp;apos;text&amp;apos;]) = count(//*[@type = &amp;apos;text&amp;apos;])][count(. | //*[@name = &amp;apos;infoPagamento.cartao.nome&amp;apos;]) = count(//*[@name = &amp;apos;infoPagamento.cartao.nome&amp;apos;])][count(. | //*[@class = &amp;apos;required fieldcard&amp;apos;]) = count(//*[@class = &amp;apos;required fieldcard&amp;apos;])][count(. | //*[@placeholder = &amp;apos;Nome do Cart\u00E3o&amp;apos;]) = count(//*[@placeholder = &amp;apos;Nome do Cart\u00E3o&amp;apos;])][count(. | id(\&amp;quot;cartaodecredito\&amp;quot;)/form[@id=\&amp;quot;infoPagamento\&amp;quot;]/fieldset[@class=\&amp;quot;row\&amp;quot;]/div[@class=\&amp;quot;col-sm-3\&amp;quot;]/label[@class=\&amp;quot;campoPagar cartao\&amp;quot;]/input[@class=\&amp;quot;required fieldcard\&amp;quot;]) = count(id(\&amp;quot;cartaodecredito\&amp;quot;)/form[@id=\&amp;quot;infoPagamento\&amp;quot;]/fieldset[@class=\&amp;quot;row\&amp;quot;]/div[@class=\&amp;quot;col-sm-3\&amp;quot;]/label[@class=\&amp;quot;campoPagar cartao\&amp;quot;]/input[@class=\&amp;quot;required fieldcard\&amp;quot;])]&amp;apos; not found)</message>
  <nestedLevel>1</nestedLevel>
  <property name="attachment">1516971661464.png</property>
</record>
<record>
  <date>2018-01-26T10:01:01</date>
  <millis>1516971661781</millis>
  <sequence>98</sequence>
  <level>END</level>
  <class>com.kms.katalon.core.logging.KeywordLogger</class>
  <method>endKeyword</method>
  <thread>1</thread>
  <message>End action : doubleClick</message>
  <nestedLevel>1</nestedLevel>
</record>
<record>
  <date>2018-01-26T10:01:01</date>
  <millis>1516971661781</millis>
  <sequence>99</sequence>
  <logger>com.kms.katalon.core.logging.KeywordLogger</logger>
  <level>FAILED</level>
  <class>com.kms.katalon.core.logging.KeywordLogger</class>
  <method>logMessage</method>
  <thread>1</thread>
  <message>Test Cases/HOMEPAGE/Adicionar Carrinho FAILED because (of) Unable to double click on object &amp;apos;Object Repository/Carrinho TitularCartao/input_infoPagamento.cartao.nom&amp;apos; (Root cause: com.kms.katalon.core.webui.exception.WebElementNotFoundException: Web element with id: &amp;apos;Object Repository/Carrinho TitularCartao/input_infoPagamento.cartao.nom&amp;apos; located by &amp;apos;By.xpath: //input[count(. | //*[@type = &amp;apos;text&amp;apos;]) = count(//*[@type = &amp;apos;text&amp;apos;])][count(. | //*[@name = &amp;apos;infoPagamento.cartao.nome&amp;apos;]) = count(//*[@name = &amp;apos;infoPagamento.cartao.nome&amp;apos;])][count(. | //*[@class = &amp;apos;required fieldcard&amp;apos;]) = count(//*[@class = &amp;apos;required fieldcard&amp;apos;])][count(. | //*[@placeholder = &amp;apos;Nome do Cart\u00E3o&amp;apos;]) = count(//*[@placeholder = &amp;apos;Nome do Cart\u00E3o&amp;apos;])][count(. | id(\&amp;quot;cartaodecredito\&amp;quot;)/form[@id=\&amp;quot;infoPagamento\&amp;quot;]/fieldset[@class=\&amp;quot;row\&amp;quot;]/div[@class=\&amp;quot;col-sm-3\&amp;quot;]/label[@class=\&amp;quot;campoPagar cartao\&amp;quot;]/input[@class=\&amp;quot;required fieldcard\&amp;quot;]) = count(id(\&amp;quot;cartaodecredito\&amp;quot;)/form[@id=\&amp;quot;infoPagamento\&amp;quot;]/fieldset[@class=\&amp;quot;row\&amp;quot;]/div[@class=\&amp;quot;col-sm-3\&amp;quot;]/label[@class=\&amp;quot;campoPagar cartao\&amp;quot;]/input[@class=\&amp;quot;required fieldcard\&amp;quot;])]&amp;apos; not found)</message>
  <exception>
    <message>com.kms.katalon.core.exception.StepFailedException: Unable to double click on object 'Object Repository/Carrinho TitularCartao/input_infoPagamento.cartao.nom' (Root cause: com.kms.katalon.core.webui.exception.WebElementNotFoundException: Web element with id: 'Object Repository/Carrinho TitularCartao/input_infoPagamento.cartao.nom' located by 'By.xpath: //input[count(. | //*[@type = 'text']) = count(//*[@type = 'text'])][count(. | //*[@name = 'infoPagamento.cartao.nome']) = count(//*[@name = 'infoPagamento.cartao.nome'])][count(. | //*[@class = 'required fieldcard']) = count(//*[@class = 'required fieldcard'])][count(. | //*[@placeholder = 'Nome do Carto']) = count(//*[@placeholder = 'Nome do Carto'])][count(. | id("cartaodecredito")/form[@id="infoPagamento"]/fieldset[@class="row"]/div[@class="col-sm-3"]/label[@class="campoPagar cartao"]/input[@class="required fieldcard"]) = count(id("cartaodecredito")/form[@id="infoPagamento"]/fieldset[@class="row"]/div[@class="col-sm-3"]/label[@class="campoPagar cartao"]/input[@class="required fieldcard"])]' not found)</message>
    <frame>
      <class>com.kms.katalon.core.keyword.internal.KeywordMain</class>
      <method>stepFailed</method>
      <line>36</line>
    </frame>
    <frame>
      <class>com.kms.katalon.core.webui.keyword.internal.WebUIKeywordMain</class>
      <method>stepFailed</method>
      <line>49</line>
    </frame>
    <frame>
      <class>com.kms.katalon.core.webui.keyword.internal.WebUIKeywordMain</class>
      <method>runKeyword</method>
      <line>27</line>
    </frame>
    <frame>
      <class>com.kms.katalon.core.webui.keyword.builtin.DoubleClickKeyword</class>
      <method>doubleClick</method>
      <line>87</line>
    </frame>
    <frame>
      <class>com.kms.katalon.core.webui.keyword.builtin.DoubleClickKeyword</class>
      <method>execute</method>
      <line>67</line>
    </frame>
    <frame>
      <class>com.kms.katalon.core.keyword.internal.KeywordExecutor</class>
      <method>executeKeywordForPlatform</method>
      <line>53</line>
    </frame>
    <frame>
      <class>com.kms.katalon.core.webui.keyword.WebUiBuiltInKeywords</class>
      <method>doubleClick</method>
      <line>697</line>
    </frame>
    <frame>
      <class>com.kms.katalon.core.webui.keyword.WebUiBuiltInKeywords$doubleClick$3</class>
      <method>call</method>
    </frame>
    <frame>
      <class>org.codehaus.groovy.runtime.callsite.CallSiteArray</class>
      <method>defaultCall</method>
      <line>48</line>
    </frame>
    <frame>
      <class>org.codehaus.groovy.runtime.callsite.AbstractCallSite</class>
      <method>call</method>
      <line>113</line>
    </frame>
    <frame>
      <class>org.codehaus.groovy.runtime.callsite.AbstractCallSite</class>
      <method>call</method>
      <line>125</line>
    </frame>
    <frame>
      <class>Script1516970920791</class>
      <method>run</method>
      <line>41</line>
    </frame>
    <frame>
      <class>com.kms.katalon.core.main.ScriptEngine</class>
      <method>run</method>
      <line>183</line>
    </frame>
    <frame>
      <class>com.kms.katalon.core.main.ScriptEngine</class>
      <method>runScriptAsRawText</method>
      <line>108</line>
    </frame>
    <frame>
      <class>com.kms.katalon.core.main.TestCaseExecutor</class>
      <method>runScript</method>
      <line>241</line>
    </frame>
    <frame>
      <class>com.kms.katalon.core.main.TestCaseExecutor</class>
      <method>doExecute</method>
      <line>232</line>
    </frame>
    <frame>
      <class>com.kms.katalon.core.main.TestCaseExecutor</class>
      <method>processExecutionPhase</method>
      <line>211</line>
    </frame>
    <frame>
      <class>com.kms.katalon.core.main.TestCaseExecutor</class>
      <method>accessMainPhase</method>
      <line>203</line>
    </frame>
    <frame>
      <class>com.kms.katalon.core.main.TestCaseExecutor</class>
      <method>execute</method>
      <line>185</line>
    </frame>
    <frame>
      <class>com.kms.katalon.core.main.TestCaseMain</class>
      <method>runTestCase</method>
      <line>72</line>
    </frame>
    <frame>
      <class>com.kms.katalon.core.main.TestCaseMain$runTestCase$1</class>
      <method>call</method>
    </frame>
    <frame>
      <class>org.codehaus.groovy.runtime.callsite.CallSiteArray</class>
      <method>defaultCall</method>
      <line>48</line>
    </frame>
    <frame>
      <class>org.codehaus.groovy.runtime.callsite.AbstractCallSite</class>
      <method>call</method>
      <line>113</line>
    </frame>
    <frame>
      <class>org.codehaus.groovy.runtime.callsite.AbstractCallSite</class>
      <method>call</method>
      <line>141</line>
    </frame>
    <frame>
      <class>TempTestSuite1516971529229</class>
      <method>runTestCase_0</method>
      <line>18</line>
    </frame>
    <frame>
      <class>sun.reflect.NativeMethodAccessorImpl</class>
      <method>invoke0</method>
    </frame>
    <frame>
      <class>sun.reflect.NativeMethodAccessorImpl</class>
      <method>invoke</method>
      <line>62</line>
    </frame>
    <frame>
      <class>sun.reflect.DelegatingMethodAccessorImpl</class>
      <method>invoke</method>
      <line>43</line>
    </frame>
    <frame>
      <class>java.lang.reflect.Method</class>
      <method>invoke</method>
      <line>498</line>
    </frame>
    <frame>
      <class>org.codehaus.groovy.reflection.CachedMethod</class>
      <method>invoke</method>
      <line>93</line>
    </frame>
    <frame>
      <class>groovy.lang.MetaMethod</class>
      <method>doMethodInvoke</method>
      <line>325</line>
    </frame>
    <frame>
      <class>org.codehaus.groovy.runtime.metaclass.ClosureMetaClass</class>
      <method>invokeMethod</method>
      <line>384</line>
    </frame>
    <frame>
      <class>org.codehaus.groovy.runtime.ScriptBytecodeAdapter</class>
      <method>invokeMethodOnCurrentN</method>
      <line>82</line>
    </frame>
    <frame>
      <class>org.codehaus.groovy.runtime.ScriptBytecodeAdapter</class>
      <method>invokeMethodOnCurrent0</method>
      <line>113</line>
    </frame>
    <frame>
      <class>TempTestSuite1516971529229$_run_closure1</class>
      <method>doCall</method>
      <line>47</line>
    </frame>
    <frame>
      <class>sun.reflect.NativeMethodAccessorImpl</class>
      <method>invoke0</method>
    </frame>
    <frame>
      <class>sun.reflect.NativeMethodAccessorImpl</class>
      <method>invoke</method>
      <line>62</line>
    </frame>
    <frame>
      <class>sun.reflect.DelegatingMethodAccessorImpl</class>
      <method>invoke</method>
      <line>43</line>
    </frame>
    <frame>
      <class>java.lang.reflect.Method</class>
      <method>invoke</method>
      <line>498</line>
    </frame>
    <frame>
      <class>org.codehaus.groovy.reflection.CachedMethod</class>
      <method>invoke</method>
      <line>93</line>
    </frame>
    <frame>
      <class>groovy.lang.MetaMethod</class>
      <method>doMethodInvoke</method>
      <line>325</line>
    </frame>
    <frame>
      <class>org.codehaus.groovy.runtime.metaclass.ClosureMetaClass</class>
      <method>invokeMethod</method>
      <line>294</line>
    </frame>
    <frame>
      <class>groovy.lang.MetaClassImpl</class>
      <method>invokeMethod</method>
      <line>1024</line>
    </frame>
    <frame>
      <class>groovy.lang.Closure</class>
      <method>call</method>
      <line>414</line>
    </frame>
    <frame>
      <class>groovy.lang.Closure</class>
      <method>call</method>
      <line>430</line>
    </frame>
    <frame>
      <class>org.codehaus.groovy.runtime.DefaultGroovyMethods</class>
      <method>each</method>
      <line>2030</line>
    </frame>
    <frame>
      <class>org.codehaus.groovy.runtime.DefaultGroovyMethods</class>
      <method>each</method>
      <line>2015</line>
    </frame>
    <frame>
      <class>org.codehaus.groovy.runtime.DefaultGroovyMethods</class>
      <method>each</method>
      <line>2056</line>
    </frame>
    <frame>
      <class>org.codehaus.groovy.runtime.dgm$162</class>
      <method>invoke</method>
    </frame>
    <frame>
      <class>org.codehaus.groovy.runtime.callsite.PojoMetaMethodSite$PojoMetaMethodSiteNoUnwrapNoCoerce</class>
      <method>invoke</method>
      <line>274</line>
    </frame>
    <frame>
      <class>org.codehaus.groovy.runtime.callsite.PojoMetaMethodSite</class>
      <method>call</method>
      <line>56</line>
    </frame>
    <frame>
      <class>org.codehaus.groovy.runtime.callsite.CallSiteArray</class>
      <method>defaultCall</method>
      <line>48</line>
    </frame>
    <frame>
      <class>org.codehaus.groovy.runtime.callsite.AbstractCallSite</class>
      <method>call</method>
      <line>113</line>
    </frame>
    <frame>
      <class>org.codehaus.groovy.runtime.callsite.AbstractCallSite</class>
      <method>call</method>
      <line>125</line>
    </frame>
    <frame>
      <class>TempTestSuite1516971529229</class>
      <method>run</method>
      <line>46</line>
    </frame>
    <frame>
      <class>groovy.lang.GroovyShell</class>
      <method>runScriptOrMainOrTestOrRunnable</method>
      <line>263</line>
    </frame>
    <frame>
      <class>groovy.lang.GroovyShell</class>
      <method>run</method>
      <line>518</line>
    </frame>
    <frame>
      <class>groovy.lang.GroovyShell</class>
      <method>run</method>
      <line>507</line>
    </frame>
    <frame>
      <class>groovy.ui.GroovyMain</class>
      <method>processOnce</method>
      <line>653</line>
    </frame>
    <frame>
      <class>groovy.ui.GroovyMain</class>
      <method>run</method>
      <line>384</line>
    </frame>
    <frame>
      <class>groovy.ui.GroovyMain</class>
      <method>process</method>
      <line>370</line>
    </frame>
    <frame>
      <class>groovy.ui.GroovyMain</class>
      <method>processArgs</method>
      <line>129</line>
    </frame>
    <frame>
      <class>groovy.ui.GroovyMain</class>
      <method>main</method>
      <line>109</line>
    </frame>
    <frame>
      <class>sun.reflect.NativeMethodAccessorImpl</class>
      <method>invoke0</method>
    </frame>
    <frame>
      <class>sun.reflect.NativeMethodAccessorImpl</class>
      <method>invoke</method>
      <line>62</line>
    </frame>
    <frame>
      <class>sun.reflect.DelegatingMethodAccessorImpl</class>
      <method>invoke</method>
      <line>43</line>
    </frame>
    <frame>
      <class>java.lang.reflect.Method</class>
      <method>invoke</method>
      <line>498</line>
    </frame>
    <frame>
      <class>org.codehaus.groovy.tools.GroovyStarter</class>
      <method>rootLoader</method>
      <line>109</line>
    </frame>
    <frame>
      <class>org.codehaus.groovy.tools.GroovyStarter</class>
      <method>main</method>
      <line>131</line>
    </frame>
  </exception>
  <nestedLevel>0</nestedLevel>
</record>
<record>
  <date>2018-01-26T10:01:01</date>
  <millis>1516971661785</millis>
  <sequence>100</sequence>
  <level>END</level>
  <class>com.kms.katalon.core.logging.KeywordLogger</class>
  <method>endTest</method>
  <thread>1</thread>
  <message>End Test Case : Test Cases/HOMEPAGE/Adicionar Carrinho</message>
  <nestedLevel>0</nestedLevel>
</record>
<record>
  <date>2018-01-26T10:01:02</date>
  <millis>1516971662469</millis>
  <sequence>101</sequence>
  <level>END</level>
  <class>com.kms.katalon.core.logging.KeywordLogger</class>
  <method>endSuite</method>
  <thread>1</thread>
  <message>End Test Suite : Pagamentos</message>
  <nestedLevel>0</nestedLevel>
</record>
</log>
